<?xml version="1.0" encoding="UTF-8"?>
<coverage generated="1659370599576" clover="3.2.0">
  <project timestamp="1659370599576" name="All files">
    <metrics statements="5" coveredstatements="5" conditionals="0" coveredconditionals="0" methods="3" coveredmethods="3" elements="8" coveredelements="8" complexity="0" loc="5" ncloc="5" packages="1" files="2" classes="2"/>
    <file name="ActionButton.vue" path="D:\Development\job-search\src\components\ActionButton.vue">
      <metrics statements="3" coveredstatements="3" conditionals="0" coveredconditionals="0" methods="2" coveredmethods="2"/>
      <line num="5" count="1" type="stmt"/>
      <line num="17" count="5" type="stmt"/>
      <line num="23" count="5" type="stmt"/>
    </file>
    <file name="ProfileImage.vue" path="D:\Development\job-search\src\components\ProfileImage.vue">
      <metrics statements="2" coveredstatements="2" conditionals="0" coveredconditionals="0" methods="1" coveredmethods="1"/>
      <line num="4" count="1" type="stmt"/>
      <line num="7" count="2" type="stmt"/>
    </file>
  </project>
</coverage>
