{"D:\\Development\\job-search\\src\\components\\ActionButton.vue": {"path":"D:\\Development\\job-search\\src\\components\\ActionButton.vue","statementMap":{"0":{"start":{"line":5,"column":15},"end":{"line":5,"column":null}},"1":{"start":{"line":17,"column":8},"end":{"line":17,"column":15}},"2":{"start":{"line":23,"column":6},"end":{"line":23,"column":13}}},"fnMap":{"0":{"name":"(anonymous_0)","decl":{"start":{"line":16,"column":6},"end":{"line":16,"column":15}},"loc":{"start":{"line":16,"column":23},"end":{"line":18,"column":null}}},"1":{"name":"(anonymous_1)","decl":{"start":{"line":22,"column":4},"end":{"line":22,"column":15}},"loc":{"start":{"line":22,"column":18},"end":{"line":26,"column":null}}}},"branchMap":{},"s":{"0":1,"1":5,"2":5},"f":{"0":5,"1":5},"b":{}}
,"D:\\Development\\job-search\\src\\components\\ProfileImage.vue": {"path":"D:\\Development\\job-search\\src\\components\\ProfileImage.vue","statementMap":{"0":{"start":{"line":4,"column":15},"end":{"line":4,"column":null}},"1":{"start":{"line":7,"column":4},"end":{"line":7,"column":11}}},"fnMap":{"0":{"name":"(anonymous_0)","decl":{"start":{"line":6,"column":2},"end":{"line":6,"column":6}},"loc":{"start":{"line":6,"column":9},"end":{"line":10,"column":null}}}},"branchMap":{},"s":{"0":1,"1":2},"f":{"0":2},"b":{}}
}
