{"D:\\Development\\job-search\\src\\components\\ActionButton.vue": {"path":"D:\\Development\\job-search\\src\\components\\ActionButton.vue","statementMap":{"0":{"start":{"line":5,"column":15},"end":{"line":5,"column":null}},"1":{"start":{"line":20,"column":6},"end":{"line":20,"column":13}}},"fnMap":{"0":{"name":"(anonymous_0)","decl":{"start":{"line":19,"column":4},"end":{"line":19,"column":15}},"loc":{"start":{"line":19,"column":18},"end":{"line":23,"column":null}}}},"branchMap":{},"s":{"0":1,"1":5},"f":{"0":5},"b":{}}
,"D:\\Development\\job-search\\src\\components\\ProfileImage.vue": {"path":"D:\\Development\\job-search\\src\\components\\ProfileImage.vue","statementMap":{"0":{"start":{"line":4,"column":15},"end":{"line":4,"column":null}},"1":{"start":{"line":7,"column":4},"end":{"line":7,"column":11}}},"fnMap":{"0":{"name":"(anonymous_0)","decl":{"start":{"line":6,"column":2},"end":{"line":6,"column":6}},"loc":{"start":{"line":6,"column":9},"end":{"line":10,"column":null}}}},"branchMap":{},"s":{"0":1,"1":2},"f":{"0":2},"b":{}}
}
